[ 2016-04-21T17:30:35+08:00 ] 127.0.0.1 /
INFO: [ app_init ] --START--
INFO: Run Behavior\BuildLiteBehavior [ RunTime:0.000031s ]
INFO: [ app_init ] --END-- [ RunTime:0.006767s ]
INFO: [ app_begin ] --START--
INFO: Run Behavior\ReadHtmlCacheBehavior [ RunTime:0.008602s ]
INFO: [ app_begin ] --END-- [ RunTime:0.008751s ]
SQL: SHOW COLUMNS FROM `imooc_cate` [ RunTime:0.0112s ]
SQL: SELECT * FROM `imooc_cate`  [ RunTime:0.0003s ]
SQL: SHOW COLUMNS FROM `imooc_pro` [ RunTime:0.0060s ]
SQL: SELECT * FROM `imooc_pro` WHERE ( cId='10' ) LIMIT 0,4   [ RunTime:0.0003s ]
SQL: SHOW COLUMNS FROM `imooc_album` [ RunTime:0.0052s ]
SQL: SELECT * FROM `imooc_album` WHERE ( Pid='5' )  [ RunTime:0.0003s ]
SQL: SELECT * FROM `imooc_album` WHERE ( Pid='6' )  [ RunTime:0.0002s ]
SQL: SELECT * FROM `imooc_album` WHERE ( Pid='7' )  [ RunTime:0.0002s ]
SQL: SELECT * FROM `imooc_album` WHERE ( Pid='8' )  [ RunTime:0.0002s ]
SQL: SELECT * FROM `imooc_pro` WHERE ( cId='10' ) LIMIT 4,4   [ RunTime:0.0002s ]
SQL: SELECT * FROM `imooc_album` WHERE ( Pid='9' )  [ RunTime:0.0002s ]
SQL: SELECT * FROM `imooc_album` WHERE ( Pid='10' )  [ RunTime:0.0002s ]
SQL: SELECT * FROM `imooc_album` WHERE ( Pid='11' )  [ RunTime:0.0002s ]
SQL: SELECT * FROM `imooc_album` WHERE ( Pid='12' )  [ RunTime:0.0002s ]
SQL: SELECT * FROM `imooc_pro` WHERE ( cId='11' ) LIMIT 0,4   [ RunTime:0.0003s ]
SQL: SELECT * FROM `imooc_album` WHERE ( Pid='13' )  [ RunTime:0.0002s ]
SQL: SELECT * FROM `imooc_album` WHERE ( Pid='14' )  [ RunTime:0.0002s ]
SQL: SELECT * FROM `imooc_album` WHERE ( Pid='15' )  [ RunTime:0.0002s ]
SQL: SELECT * FROM `imooc_album` WHERE ( Pid='16' )  [ RunTime:0.0002s ]
SQL: SELECT * FROM `imooc_pro` WHERE ( cId='11' ) LIMIT 4,4   [ RunTime:0.0002s ]
SQL: SELECT * FROM `imooc_album` WHERE ( Pid='17' )  [ RunTime:0.0002s ]
SQL: SELECT * FROM `imooc_album` WHERE ( Pid='18' )  [ RunTime:0.0002s ]
SQL: SELECT * FROM `imooc_album` WHERE ( Pid='19' )  [ RunTime:0.0002s ]
SQL: SELECT * FROM `imooc_album` WHERE ( Pid='20' )  [ RunTime:0.0002s ]
NOTIC: [8] Undefined variable: ses E:\W10Soft\wamp\www\shopImooc\Application\Home\Controller\IndexController.class.php 第 26 行.
INFO: [ view_parse ] --START--
INFO: [ template_filter ] --START--
INFO: Run Behavior\ContentReplaceBehavior [ RunTime:0.000177s ]
INFO: [ template_filter ] --END-- [ RunTime:0.000293s ]
INFO: Run Behavior\ParseTemplateBehavior [ RunTime:0.150481s ]
INFO: [ view_parse ] --END-- [ RunTime:0.150615s ]
INFO: [ view_filter ] --START--
INFO: Run Behavior\WriteHtmlCacheBehavior [ RunTime:0.001114s ]
INFO: [ view_filter ] --END-- [ RunTime:0.001241s ]
INFO: [ app_end ] --START--
INFO: Run Behavior\ShowPageTraceBehavior [ RunTime:0.016166s ]
INFO: [ app_end ] --END-- [ RunTime:0.016419s ]

[ 2016-04-21T17:33:25+08:00 ] 127.0.0.1 /
INFO: [ app_init ] --START--
INFO: Run Behavior\BuildLiteBehavior [ RunTime:0.000044s ]
INFO: [ app_init ] --END-- [ RunTime:0.000664s ]
INFO: [ app_begin ] --START--
INFO: Run Behavior\ReadHtmlCacheBehavior [ RunTime:0.000637s ]
INFO: [ app_begin ] --END-- [ RunTime:0.000823s ]
SQL: SHOW COLUMNS FROM `imooc_cate` [ RunTime:0.0078s ]
SQL: SELECT * FROM `imooc_cate`  [ RunTime:0.0002s ]
SQL: SHOW COLUMNS FROM `imooc_pro` [ RunTime:0.0052s ]
SQL: SELECT * FROM `imooc_pro` WHERE ( cId='10' ) LIMIT 0,4   [ RunTime:0.0004s ]
SQL: SHOW COLUMNS FROM `imooc_album` [ RunTime:0.0057s ]
SQL: SELECT * FROM `imooc_album` WHERE ( Pid='5' )  [ RunTime:0.0005s ]
SQL: SELECT * FROM `imooc_album` WHERE ( Pid='6' )  [ RunTime:0.0003s ]
SQL: SELECT * FROM `imooc_album` WHERE ( Pid='7' )  [ RunTime:0.0003s ]
SQL: SELECT * FROM `imooc_album` WHERE ( Pid='8' )  [ RunTime:0.0003s ]
SQL: SELECT * FROM `imooc_pro` WHERE ( cId='10' ) LIMIT 4,4   [ RunTime:0.0003s ]
SQL: SELECT * FROM `imooc_album` WHERE ( Pid='9' )  [ RunTime:0.0003s ]
SQL: SELECT * FROM `imooc_album` WHERE ( Pid='10' )  [ RunTime:0.0002s ]
SQL: SELECT * FROM `imooc_album` WHERE ( Pid='11' )  [ RunTime:0.0002s ]
SQL: SELECT * FROM `imooc_album` WHERE ( Pid='12' )  [ RunTime:0.0002s ]
SQL: SELECT * FROM `imooc_pro` WHERE ( cId='11' ) LIMIT 0,4   [ RunTime:0.0002s ]
SQL: SELECT * FROM `imooc_album` WHERE ( Pid='13' )  [ RunTime:0.0002s ]
SQL: SELECT * FROM `imooc_album` WHERE ( Pid='14' )  [ RunTime:0.0002s ]
SQL: SELECT * FROM `imooc_album` WHERE ( Pid='15' )  [ RunTime:0.0002s ]
SQL: SELECT * FROM `imooc_album` WHERE ( Pid='16' )  [ RunTime:0.0002s ]
SQL: SELECT * FROM `imooc_pro` WHERE ( cId='11' ) LIMIT 4,4   [ RunTime:0.0002s ]
SQL: SELECT * FROM `imooc_album` WHERE ( Pid='17' )  [ RunTime:0.0002s ]
SQL: SELECT * FROM `imooc_album` WHERE ( Pid='18' )  [ RunTime:0.0002s ]
SQL: SELECT * FROM `imooc_album` WHERE ( Pid='19' )  [ RunTime:0.0002s ]
SQL: SELECT * FROM `imooc_album` WHERE ( Pid='20' )  [ RunTime:0.0002s ]
NOTIC: [8] Undefined variable: ses E:\W10Soft\wamp\www\shopImooc\Application\Home\Controller\IndexController.class.php 第 26 行.
INFO: [ view_parse ] --START--
INFO: [ template_filter ] --START--
INFO: Run Behavior\ContentReplaceBehavior [ RunTime:0.000147s ]
INFO: [ template_filter ] --END-- [ RunTime:0.000262s ]
INFO: Run Behavior\ParseTemplateBehavior [ RunTime:0.048035s ]
INFO: [ view_parse ] --END-- [ RunTime:0.048218s ]
INFO: [ view_filter ] --START--
INFO: Run Behavior\WriteHtmlCacheBehavior [ RunTime:0.000378s ]
INFO: [ view_filter ] --END-- [ RunTime:0.000499s ]
INFO: [ app_end ] --START--
INFO: Run Behavior\ShowPageTraceBehavior [ RunTime:0.001078s ]
INFO: [ app_end ] --END-- [ RunTime:0.001290s ]

