[ 2016-04-19T18:12:10+08:00 ] 127.0.0.1 /
INFO: [ app_init ] --START--
INFO: Run Behavior\BuildLiteBehavior [ RunTime:0.000040s ]
INFO: [ app_init ] --END-- [ RunTime:0.018620s ]
INFO: [ app_begin ] --START--
INFO: Run Behavior\ReadHtmlCacheBehavior [ RunTime:0.031319s ]
INFO: [ app_begin ] --END-- [ RunTime:0.031671s ]
SQL: SHOW COLUMNS FROM `imooc_cate` [ RunTime:0.0963s ]
SQL: SELECT * FROM `imooc_cate`  [ RunTime:0.0087s ]
SQL: SHOW COLUMNS FROM `imooc_pro` [ RunTime:0.0806s ]
SQL: SELECT * FROM `imooc_pro` WHERE ( cId='10' ) LIMIT 0,4   [ RunTime:0.0300s ]
SQL: SHOW COLUMNS FROM `imooc_album` [ RunTime:0.0272s ]
SQL: SELECT * FROM `imooc_album` WHERE ( Pid='5' )  [ RunTime:0.0003s ]
SQL: SELECT * FROM `imooc_album` WHERE ( Pid='6' )  [ RunTime:0.0002s ]
SQL: SELECT * FROM `imooc_album` WHERE ( Pid='7' )  [ RunTime:0.0002s ]
SQL: SELECT * FROM `imooc_album` WHERE ( Pid='8' )  [ RunTime:0.0002s ]
SQL: SELECT * FROM `imooc_pro` WHERE ( cId='10' ) LIMIT 4,4   [ RunTime:0.0002s ]
SQL: SELECT * FROM `imooc_album` WHERE ( Pid='9' )  [ RunTime:0.0002s ]
SQL: SELECT * FROM `imooc_album` WHERE ( Pid='10' )  [ RunTime:0.0002s ]
SQL: SELECT * FROM `imooc_album` WHERE ( Pid='11' )  [ RunTime:0.0002s ]
SQL: SELECT * FROM `imooc_album` WHERE ( Pid='12' )  [ RunTime:0.0002s ]
SQL: SELECT * FROM `imooc_pro` WHERE ( cId='11' ) LIMIT 0,4   [ RunTime:0.0002s ]
SQL: SELECT * FROM `imooc_album` WHERE ( Pid='13' )  [ RunTime:0.0001s ]
SQL: SELECT * FROM `imooc_album` WHERE ( Pid='14' )  [ RunTime:0.0001s ]
SQL: SELECT * FROM `imooc_album` WHERE ( Pid='15' )  [ RunTime:0.0001s ]
SQL: SELECT * FROM `imooc_album` WHERE ( Pid='16' )  [ RunTime:0.0001s ]
SQL: SELECT * FROM `imooc_pro` WHERE ( cId='11' ) LIMIT 4,4   [ RunTime:0.0002s ]
SQL: SELECT * FROM `imooc_album` WHERE ( Pid='17' )  [ RunTime:0.0001s ]
SQL: SELECT * FROM `imooc_album` WHERE ( Pid='18' )  [ RunTime:0.0001s ]
SQL: SELECT * FROM `imooc_album` WHERE ( Pid='19' )  [ RunTime:0.0002s ]
SQL: SELECT * FROM `imooc_album` WHERE ( Pid='20' )  [ RunTime:0.0002s ]
NOTIC: [8] Undefined variable: ses E:\W10Soft\wamp\www\shopImooc\Application\Home\Controller\IndexController.class.php 第 26 行.
INFO: [ view_parse ] --START--
INFO: [ template_filter ] --START--
INFO: Run Behavior\ContentReplaceBehavior [ RunTime:0.000143s ]
INFO: [ template_filter ] --END-- [ RunTime:0.000274s ]
INFO: Run Behavior\ParseTemplateBehavior [ RunTime:0.261904s ]
INFO: [ view_parse ] --END-- [ RunTime:0.262077s ]
INFO: [ view_filter ] --START--
INFO: Run Behavior\WriteHtmlCacheBehavior [ RunTime:0.021758s ]
INFO: [ view_filter ] --END-- [ RunTime:0.021911s ]
INFO: [ app_end ] --START--
INFO: Run Behavior\ShowPageTraceBehavior [ RunTime:0.013095s ]
INFO: [ app_end ] --END-- [ RunTime:0.013349s ]

