[ 2016-04-14T14:23:25+08:00 ] 127.0.0.1 /admin
INFO: [ app_init ] --START--
INFO: Run Behavior\BuildLiteBehavior [ RunTime:0.000027s ]
INFO: [ app_init ] --END-- [ RunTime:0.006802s ]
INFO: [ app_begin ] --START--
INFO: Run Behavior\ReadHtmlCacheBehavior [ RunTime:0.008566s ]
INFO: [ app_begin ] --END-- [ RunTime:0.008709s ]
NOTIC: [8] Undefined index: adminId E:\W10Soft\wamp\www\shopImooc\Application\Admin\Controller\IndexController.class.php 第 23 行.
NOTIC: [8] Undefined index: adminId E:\W10Soft\wamp\www\shopImooc\Application\Admin\Controller\IndexController.class.php 第 23 行.
INFO: [ view_parse ] --START--
INFO: [ template_filter ] --START--
INFO: Run Behavior\ContentReplaceBehavior [ RunTime:0.000112s ]
INFO: [ template_filter ] --END-- [ RunTime:0.000245s ]
INFO: Run Behavior\ParseTemplateBehavior [ RunTime:0.086565s ]
INFO: [ view_parse ] --END-- [ RunTime:0.086691s ]
INFO: [ view_filter ] --START--
INFO: Run Behavior\WriteHtmlCacheBehavior [ RunTime:0.006470s ]
INFO: [ view_filter ] --END-- [ RunTime:0.006583s ]
INFO: [ app_end ] --START--
INFO: Run Behavior\ShowPageTraceBehavior [ RunTime:0.005471s ]
INFO: [ app_end ] --END-- [ RunTime:0.005585s ]

[ 2016-04-14T14:23:25+08:00 ] 127.0.0.1 /index.php/Admin/index/verify.html
INFO: [ app_init ] --START--
INFO: Run Behavior\BuildLiteBehavior [ RunTime:0.000043s ]
INFO: [ app_init ] --END-- [ RunTime:0.000638s ]
INFO: [ app_begin ] --START--
INFO: Run Behavior\ReadHtmlCacheBehavior [ RunTime:0.000625s ]
INFO: [ app_begin ] --END-- [ RunTime:0.000766s ]
INFO: [ app_end ] --START--
INFO: Run Behavior\ShowPageTraceBehavior [ RunTime:0.000760s ]
INFO: [ app_end ] --END-- [ RunTime:0.000917s ]

[ 2016-04-14T14:23:37+08:00 ] 127.0.0.1 /index.php/Admin/index/login.html
INFO: [ app_init ] --START--
INFO: Run Behavior\BuildLiteBehavior [ RunTime:0.000032s ]
INFO: [ app_init ] --END-- [ RunTime:0.000466s ]
INFO: [ app_begin ] --START--
INFO: Run Behavior\ReadHtmlCacheBehavior [ RunTime:0.000639s ]
INFO: [ app_begin ] --END-- [ RunTime:0.000770s ]
SQL: SHOW COLUMNS FROM `imooc_admin` [ RunTime:0.0416s ]
SQL: SELECT * FROM `imooc_admin` WHERE ( username='Ewan3' and password='6661' ) LIMIT 1   [ RunTime:0.0282s ]
INFO: [ view_parse ] --START--
INFO: [ template_filter ] --START--
INFO: Run Behavior\ContentReplaceBehavior [ RunTime:0.000099s ]
INFO: [ template_filter ] --END-- [ RunTime:0.000217s ]
INFO: Run Behavior\ParseTemplateBehavior [ RunTime:0.018941s ]
INFO: [ view_parse ] --END-- [ RunTime:0.019073s ]
INFO: [ view_filter ] --START--
INFO: Run Behavior\WriteHtmlCacheBehavior [ RunTime:0.000467s ]
INFO: [ view_filter ] --END-- [ RunTime:0.000566s ]

[ 2016-04-14T14:24:02+08:00 ] 127.0.0.1 /index.php/Admin/index/login.html
INFO: [ app_init ] --START--
INFO: Run Behavior\BuildLiteBehavior [ RunTime:0.000028s ]
INFO: [ app_init ] --END-- [ RunTime:0.000445s ]
INFO: [ app_begin ] --START--
INFO: Run Behavior\ReadHtmlCacheBehavior [ RunTime:0.000550s ]
INFO: [ app_begin ] --END-- [ RunTime:0.000746s ]
SQL: SHOW COLUMNS FROM `imooc_admin` [ RunTime:0.0138s ]
SQL: SELECT * FROM `imooc_admin` WHERE ( username='Ewan3' and password='6661' ) LIMIT 1   [ RunTime:0.0005s ]
INFO: [ view_parse ] --START--
INFO: [ template_filter ] --START--
INFO: Run Behavior\ContentReplaceBehavior [ RunTime:0.000084s ]
INFO: [ template_filter ] --END-- [ RunTime:0.000240s ]
INFO: Run Behavior\ParseTemplateBehavior [ RunTime:0.005728s ]
INFO: [ view_parse ] --END-- [ RunTime:0.005849s ]
INFO: [ view_filter ] --START--
INFO: Run Behavior\WriteHtmlCacheBehavior [ RunTime:0.000333s ]
INFO: [ view_filter ] --END-- [ RunTime:0.000441s ]

[ 2016-04-14T14:24:14+08:00 ] 127.0.0.1 /index.php/Admin/index/login.html
INFO: [ app_init ] --START--
INFO: Run Behavior\BuildLiteBehavior [ RunTime:0.000028s ]
INFO: [ app_init ] --END-- [ RunTime:0.000470s ]
INFO: [ app_begin ] --START--
INFO: Run Behavior\ReadHtmlCacheBehavior [ RunTime:0.000613s ]
INFO: [ app_begin ] --END-- [ RunTime:0.000753s ]
SQL: SHOW COLUMNS FROM `imooc_admin` [ RunTime:0.0084s ]
SQL: SELECT * FROM `imooc_admin` WHERE ( username='Ewan2' and password='6661' ) LIMIT 1   [ RunTime:0.0003s ]
NOTIC: [8] A session had already been started - ignoring session_start() E:\W10Soft\wamp\www\shopImooc\Application\Admin\Controller\IndexController.class.php 第 44 行.
NOTIC: [8] Undefined index: autoFlag E:\W10Soft\wamp\www\shopImooc\Application\Admin\Controller\IndexController.class.php 第 45 行.
INFO: [ view_parse ] --START--
INFO: [ template_filter ] --START--
INFO: Run Behavior\ContentReplaceBehavior [ RunTime:0.000078s ]
INFO: [ template_filter ] --END-- [ RunTime:0.000222s ]
INFO: Run Behavior\ParseTemplateBehavior [ RunTime:0.007234s ]
INFO: [ view_parse ] --END-- [ RunTime:0.007408s ]
INFO: [ view_filter ] --START--
INFO: Run Behavior\WriteHtmlCacheBehavior [ RunTime:0.000399s ]
INFO: [ view_filter ] --END-- [ RunTime:0.000495s ]
INFO: [ app_end ] --START--
INFO: Run Behavior\ShowPageTraceBehavior [ RunTime:0.000511s ]
INFO: [ app_end ] --END-- [ RunTime:0.000625s ]

[ 2016-04-14T14:24:15+08:00 ] 127.0.0.1 /index.php/Admin/index/index
INFO: [ app_init ] --START--
INFO: Run Behavior\BuildLiteBehavior [ RunTime:0.000025s ]
INFO: [ app_init ] --END-- [ RunTime:0.000397s ]
INFO: [ app_begin ] --START--
INFO: Run Behavior\ReadHtmlCacheBehavior [ RunTime:0.000516s ]
INFO: [ app_begin ] --END-- [ RunTime:0.000626s ]
NOTIC: [8] Use of undefined constant admin - assumed 'admin' E:\W10Soft\wamp\www\shopImooc\Application\Admin\Controller\IndexController.class.php 第 30 行.
INFO: [ view_parse ] --START--
INFO: [ template_filter ] --START--
INFO: Run Behavior\ContentReplaceBehavior [ RunTime:0.000175s ]
INFO: [ template_filter ] --END-- [ RunTime:0.000367s ]
INFO: Run Behavior\ParseTemplateBehavior [ RunTime:0.048068s ]
INFO: [ view_parse ] --END-- [ RunTime:0.048182s ]
INFO: [ view_filter ] --START--
INFO: Run Behavior\WriteHtmlCacheBehavior [ RunTime:0.000365s ]
INFO: [ view_filter ] --END-- [ RunTime:0.000457s ]
INFO: [ app_end ] --START--
INFO: Run Behavior\ShowPageTraceBehavior [ RunTime:0.000501s ]
INFO: [ app_end ] --END-- [ RunTime:0.000599s ]

[ 2016-04-14T16:51:27+08:00 ] 127.0.0.1 /Admin
INFO: [ app_init ] --START--
INFO: Run Behavior\BuildLiteBehavior [ RunTime:0.000027s ]
INFO: [ app_init ] --END-- [ RunTime:0.000380s ]
INFO: [ app_begin ] --START--
INFO: Run Behavior\ReadHtmlCacheBehavior [ RunTime:0.000782s ]
INFO: [ app_begin ] --END-- [ RunTime:0.000931s ]
NOTIC: [8] Undefined index: adminId E:\W10Soft\wamp\www\shopImooc\Application\Admin\Controller\IndexController.class.php 第 23 行.
NOTIC: [8] Undefined index: adminId E:\W10Soft\wamp\www\shopImooc\Application\Admin\Controller\IndexController.class.php 第 23 行.
INFO: [ view_parse ] --START--
INFO: [ template_filter ] --START--
INFO: Run Behavior\ContentReplaceBehavior [ RunTime:0.000170s ]
INFO: [ template_filter ] --END-- [ RunTime:0.000359s ]
INFO: Run Behavior\ParseTemplateBehavior [ RunTime:0.020602s ]
INFO: [ view_parse ] --END-- [ RunTime:0.020725s ]
INFO: [ view_filter ] --START--
INFO: Run Behavior\WriteHtmlCacheBehavior [ RunTime:0.000625s ]
INFO: [ view_filter ] --END-- [ RunTime:0.000840s ]
INFO: [ app_end ] --START--
INFO: Run Behavior\ShowPageTraceBehavior [ RunTime:0.000527s ]
INFO: [ app_end ] --END-- [ RunTime:0.000632s ]

[ 2016-04-14T16:51:27+08:00 ] 127.0.0.1 /index.php/Admin/index/verify.html
INFO: [ app_init ] --START--
INFO: Run Behavior\BuildLiteBehavior [ RunTime:0.000030s ]
INFO: [ app_init ] --END-- [ RunTime:0.000683s ]
INFO: [ app_begin ] --START--
INFO: Run Behavior\ReadHtmlCacheBehavior [ RunTime:0.000941s ]
INFO: [ app_begin ] --END-- [ RunTime:0.001155s ]
INFO: [ app_end ] --START--
INFO: Run Behavior\ShowPageTraceBehavior [ RunTime:0.001184s ]
INFO: [ app_end ] --END-- [ RunTime:0.001403s ]

[ 2016-04-14T16:51:29+08:00 ] 127.0.0.1 /index.php/Admin/index/login.html
INFO: [ app_init ] --START--
INFO: Run Behavior\BuildLiteBehavior [ RunTime:0.000031s ]
INFO: [ app_init ] --END-- [ RunTime:0.000451s ]
INFO: [ app_begin ] --START--
INFO: Run Behavior\ReadHtmlCacheBehavior [ RunTime:0.000717s ]
INFO: [ app_begin ] --END-- [ RunTime:0.000855s ]
SQL: SHOW COLUMNS FROM `imooc_admin` [ RunTime:0.0133s ]
SQL: SELECT * FROM `imooc_admin` WHERE ( username='Ewan' and password='' ) LIMIT 1   [ RunTime:0.0003s ]
INFO: [ view_parse ] --START--
INFO: [ template_filter ] --START--
INFO: Run Behavior\ContentReplaceBehavior [ RunTime:0.000080s ]
INFO: [ template_filter ] --END-- [ RunTime:0.000190s ]
INFO: Run Behavior\ParseTemplateBehavior [ RunTime:0.012381s ]
INFO: [ view_parse ] --END-- [ RunTime:0.012515s ]
INFO: [ view_filter ] --START--
INFO: Run Behavior\WriteHtmlCacheBehavior [ RunTime:0.000392s ]
INFO: [ view_filter ] --END-- [ RunTime:0.000496s ]

[ 2016-04-14T16:51:35+08:00 ] 127.0.0.1 /index.php/Admin/index/login.html
INFO: [ app_init ] --START--
INFO: Run Behavior\BuildLiteBehavior [ RunTime:0.000033s ]
INFO: [ app_init ] --END-- [ RunTime:0.000530s ]
INFO: [ app_begin ] --START--
INFO: Run Behavior\ReadHtmlCacheBehavior [ RunTime:0.000714s ]
INFO: [ app_begin ] --END-- [ RunTime:0.000861s ]
SQL: SHOW COLUMNS FROM `imooc_admin` [ RunTime:0.0089s ]
SQL: SELECT * FROM `imooc_admin` WHERE ( username='Ewan2' and password='6661' ) LIMIT 1   [ RunTime:0.0003s ]
NOTIC: [8] A session had already been started - ignoring session_start() E:\W10Soft\wamp\www\shopImooc\Application\Admin\Controller\IndexController.class.php 第 44 行.
NOTIC: [8] Undefined index: autoFlag E:\W10Soft\wamp\www\shopImooc\Application\Admin\Controller\IndexController.class.php 第 45 行.
INFO: [ view_parse ] --START--
INFO: [ template_filter ] --START--
INFO: Run Behavior\ContentReplaceBehavior [ RunTime:0.000075s ]
INFO: [ template_filter ] --END-- [ RunTime:0.000180s ]
INFO: Run Behavior\ParseTemplateBehavior [ RunTime:0.006029s ]
INFO: [ view_parse ] --END-- [ RunTime:0.006160s ]
INFO: [ view_filter ] --START--
INFO: Run Behavior\WriteHtmlCacheBehavior [ RunTime:0.000433s ]
INFO: [ view_filter ] --END-- [ RunTime:0.000548s ]
INFO: [ app_end ] --START--
INFO: Run Behavior\ShowPageTraceBehavior [ RunTime:0.000529s ]
INFO: [ app_end ] --END-- [ RunTime:0.000630s ]

[ 2016-04-14T16:51:36+08:00 ] 127.0.0.1 /index.php/Admin/index/index
INFO: [ app_init ] --START--
INFO: Run Behavior\BuildLiteBehavior [ RunTime:0.000038s ]
INFO: [ app_init ] --END-- [ RunTime:0.000545s ]
INFO: [ app_begin ] --START--
INFO: Run Behavior\ReadHtmlCacheBehavior [ RunTime:0.000934s ]
INFO: [ app_begin ] --END-- [ RunTime:0.001098s ]
NOTIC: [8] Use of undefined constant admin - assumed 'admin' E:\W10Soft\wamp\www\shopImooc\Application\Admin\Controller\IndexController.class.php 第 30 行.
INFO: [ view_parse ] --START--
INFO: [ template_filter ] --START--
INFO: Run Behavior\ContentReplaceBehavior [ RunTime:0.000156s ]
INFO: [ template_filter ] --END-- [ RunTime:0.000315s ]
INFO: Run Behavior\ParseTemplateBehavior [ RunTime:0.030119s ]
INFO: [ view_parse ] --END-- [ RunTime:0.030259s ]
INFO: [ view_filter ] --START--
INFO: Run Behavior\WriteHtmlCacheBehavior [ RunTime:0.000595s ]
INFO: [ view_filter ] --END-- [ RunTime:0.000755s ]
INFO: [ app_end ] --START--
INFO: Run Behavior\ShowPageTraceBehavior [ RunTime:0.000569s ]
INFO: [ app_end ] --END-- [ RunTime:0.000673s ]

[ 2016-04-14T16:51:40+08:00 ] 127.0.0.1 /index.php/Admin/Admin/addUser.html
INFO: [ app_init ] --START--
INFO: Run Behavior\BuildLiteBehavior [ RunTime:0.000035s ]
INFO: [ app_init ] --END-- [ RunTime:0.000791s ]
INFO: [ app_begin ] --START--
INFO: Run Behavior\ReadHtmlCacheBehavior [ RunTime:0.000989s ]
INFO: [ app_begin ] --END-- [ RunTime:0.001233s ]
INFO: [ view_parse ] --START--
INFO: [ template_filter ] --START--
INFO: Run Behavior\ContentReplaceBehavior [ RunTime:0.000109s ]
INFO: [ template_filter ] --END-- [ RunTime:0.000259s ]
NOTIC: [8] Undefined variable: adminName E:\W10Soft\wamp\www\shopImooc\Application\Runtime\Cache\Admin\ecb4b2ed4cedf19df064fa5eab7bb318.php 第 26 行.
INFO: Run Behavior\ParseTemplateBehavior [ RunTime:0.023489s ]
INFO: [ view_parse ] --END-- [ RunTime:0.023610s ]
INFO: [ view_filter ] --START--
INFO: Run Behavior\WriteHtmlCacheBehavior [ RunTime:0.000421s ]
INFO: [ view_filter ] --END-- [ RunTime:0.000526s ]
INFO: [ app_end ] --START--
INFO: Run Behavior\ShowPageTraceBehavior [ RunTime:0.000536s ]
INFO: [ app_end ] --END-- [ RunTime:0.000676s ]

[ 2016-04-14T16:52:42+08:00 ] 127.0.0.1 /index.php/Admin/Admin/addUser.html
INFO: [ app_init ] --START--
INFO: Run Behavior\BuildLiteBehavior [ RunTime:0.000033s ]
INFO: [ app_init ] --END-- [ RunTime:0.000538s ]
INFO: [ app_begin ] --START--
INFO: Run Behavior\ReadHtmlCacheBehavior [ RunTime:0.001255s ]
INFO: [ app_begin ] --END-- [ RunTime:0.001481s ]
INFO: [ view_parse ] --START--
INFO: [ template_filter ] --START--
INFO: Run Behavior\ContentReplaceBehavior [ RunTime:0.000110s ]
INFO: [ template_filter ] --END-- [ RunTime:0.000265s ]
NOTIC: [8] Undefined variable: adminName E:\W10Soft\wamp\www\shopImooc\Application\Runtime\Cache\Admin\ecb4b2ed4cedf19df064fa5eab7bb318.php 第 26 行.
INFO: Run Behavior\ParseTemplateBehavior [ RunTime:0.024394s ]
INFO: [ view_parse ] --END-- [ RunTime:0.024518s ]
INFO: [ view_filter ] --START--
INFO: Run Behavior\WriteHtmlCacheBehavior [ RunTime:0.000469s ]
INFO: [ view_filter ] --END-- [ RunTime:0.000569s ]
INFO: [ app_end ] --START--
INFO: Run Behavior\ShowPageTraceBehavior [ RunTime:0.000536s ]
INFO: [ app_end ] --END-- [ RunTime:0.000635s ]

[ 2016-04-14T16:52:44+08:00 ] 127.0.0.1 /index.php/Admin/index/index
INFO: [ app_init ] --START--
INFO: Run Behavior\BuildLiteBehavior [ RunTime:0.000052s ]
INFO: [ app_init ] --END-- [ RunTime:0.000664s ]
INFO: [ app_begin ] --START--
INFO: Run Behavior\ReadHtmlCacheBehavior [ RunTime:0.000892s ]
INFO: [ app_begin ] --END-- [ RunTime:0.001074s ]
NOTIC: [8] Use of undefined constant admin - assumed 'admin' E:\W10Soft\wamp\www\shopImooc\Application\Admin\Controller\IndexController.class.php 第 30 行.
INFO: [ view_parse ] --START--
INFO: [ template_filter ] --START--
INFO: Run Behavior\ContentReplaceBehavior [ RunTime:0.000140s ]
INFO: [ template_filter ] --END-- [ RunTime:0.000319s ]
INFO: Run Behavior\ParseTemplateBehavior [ RunTime:0.028404s ]
INFO: [ view_parse ] --END-- [ RunTime:0.028547s ]
INFO: [ view_filter ] --START--
INFO: Run Behavior\WriteHtmlCacheBehavior [ RunTime:0.000409s ]
INFO: [ view_filter ] --END-- [ RunTime:0.000522s ]
INFO: [ app_end ] --START--
INFO: Run Behavior\ShowPageTraceBehavior [ RunTime:0.000551s ]
INFO: [ app_end ] --END-- [ RunTime:0.000651s ]

[ 2016-04-14T16:52:46+08:00 ] 127.0.0.1 /index.php/Admin/Admin/addUser.html
INFO: [ app_init ] --START--
INFO: Run Behavior\BuildLiteBehavior [ RunTime:0.000028s ]
INFO: [ app_init ] --END-- [ RunTime:0.000446s ]
INFO: [ app_begin ] --START--
INFO: Run Behavior\ReadHtmlCacheBehavior [ RunTime:0.000620s ]
INFO: [ app_begin ] --END-- [ RunTime:0.000754s ]
INFO: [ view_parse ] --START--
INFO: [ template_filter ] --START--
INFO: Run Behavior\ContentReplaceBehavior [ RunTime:0.000132s ]
INFO: [ template_filter ] --END-- [ RunTime:0.000271s ]
NOTIC: [8] Undefined variable: adminName E:\W10Soft\wamp\www\shopImooc\Application\Runtime\Cache\Admin\ecb4b2ed4cedf19df064fa5eab7bb318.php 第 26 行.
INFO: Run Behavior\ParseTemplateBehavior [ RunTime:0.011719s ]
INFO: [ view_parse ] --END-- [ RunTime:0.011851s ]
INFO: [ view_filter ] --START--
INFO: Run Behavior\WriteHtmlCacheBehavior [ RunTime:0.000572s ]
INFO: [ view_filter ] --END-- [ RunTime:0.000706s ]
INFO: [ app_end ] --START--
INFO: Run Behavior\ShowPageTraceBehavior [ RunTime:0.000648s ]
INFO: [ app_end ] --END-- [ RunTime:0.000811s ]

[ 2016-04-14T16:52:59+08:00 ] 127.0.0.1 /index.php/Admin/Admin/addUser.html
INFO: [ app_init ] --START--
INFO: Run Behavior\BuildLiteBehavior [ RunTime:0.000042s ]
INFO: [ app_init ] --END-- [ RunTime:0.000473s ]
INFO: [ app_begin ] --START--
INFO: Run Behavior\ReadHtmlCacheBehavior [ RunTime:0.000692s ]
INFO: [ app_begin ] --END-- [ RunTime:0.000836s ]
NOTIC: [2] call_user_func() expects parameter 1 to be a valid callback, no array or string given E:\W10Soft\wamp\www\shopImooc\ThinkPHP\Library\Think\Upload.class.php 第 170 行.
NOTIC: [8] Undefined index: myFace E:\W10Soft\wamp\www\shopImooc\Application\Admin\Controller\AdminController.class.php 第 313 行.
SQL: SHOW COLUMNS FROM `imooc_user` [ RunTime:0.0089s ]
SQL: INSERT INTO `imooc_user` (`username`,`password`,`email`,`sex`,`face`,`regTime`) VALUES ('Ewan2','d1ac549dbfdec4a0d49baec903648bb4','ee@qq.com','1',NULL,'1460623979') [ RunTime:0.0443s ]
INFO: [ view_parse ] --START--
INFO: [ template_filter ] --START--
INFO: Run Behavior\ContentReplaceBehavior [ RunTime:0.000194s ]
INFO: [ template_filter ] --END-- [ RunTime:0.000379s ]
INFO: Run Behavior\ParseTemplateBehavior [ RunTime:0.006973s ]
INFO: [ view_parse ] --END-- [ RunTime:0.007114s ]
INFO: [ view_filter ] --START--
INFO: Run Behavior\WriteHtmlCacheBehavior [ RunTime:0.000451s ]
INFO: [ view_filter ] --END-- [ RunTime:0.000643s ]
INFO: [ app_end ] --START--
INFO: Run Behavior\ShowPageTraceBehavior [ RunTime:0.000622s ]
INFO: [ app_end ] --END-- [ RunTime:0.000744s ]

[ 2016-04-14T16:53:00+08:00 ] 127.0.0.1 /index.php/Admin/Admin/login
INFO: [ app_init ] --START--
INFO: Run Behavior\BuildLiteBehavior [ RunTime:0.000046s ]
INFO: [ app_init ] --END-- [ RunTime:0.000811s ]
INFO: [ app_begin ] --START--
INFO: Run Behavior\ReadHtmlCacheBehavior [ RunTime:0.001037s ]
INFO: [ app_begin ] --END-- [ RunTime:0.001253s ]
ERR: 非法操作:login

[ 2016-04-14T16:56:26+08:00 ] 127.0.0.1 /Admin
INFO: [ app_init ] --START--
INFO: Run Behavior\BuildLiteBehavior [ RunTime:0.000027s ]
INFO: [ app_init ] --END-- [ RunTime:0.000573s ]
INFO: [ app_begin ] --START--
INFO: Run Behavior\ReadHtmlCacheBehavior [ RunTime:0.000561s ]
INFO: [ app_begin ] --END-- [ RunTime:0.000684s ]
NOTIC: [8] Undefined index: adminId E:\W10Soft\wamp\www\shopImooc\Application\Admin\Controller\IndexController.class.php 第 23 行.
NOTIC: [8] Undefined index: adminId E:\W10Soft\wamp\www\shopImooc\Application\Admin\Controller\IndexController.class.php 第 23 行.
INFO: [ view_parse ] --START--
INFO: [ template_filter ] --START--
INFO: Run Behavior\ContentReplaceBehavior [ RunTime:0.000169s ]
INFO: [ template_filter ] --END-- [ RunTime:0.000367s ]
INFO: Run Behavior\ParseTemplateBehavior [ RunTime:0.014163s ]
INFO: [ view_parse ] --END-- [ RunTime:0.014385s ]
INFO: [ view_filter ] --START--
INFO: Run Behavior\WriteHtmlCacheBehavior [ RunTime:0.000530s ]
INFO: [ view_filter ] --END-- [ RunTime:0.000646s ]
INFO: [ app_end ] --START--
INFO: Run Behavior\ShowPageTraceBehavior [ RunTime:0.000814s ]
INFO: [ app_end ] --END-- [ RunTime:0.000959s ]

[ 2016-04-14T16:56:26+08:00 ] 127.0.0.1 /index.php/Admin/index/verify.html
INFO: [ app_init ] --START--
INFO: Run Behavior\BuildLiteBehavior [ RunTime:0.000044s ]
INFO: [ app_init ] --END-- [ RunTime:0.000682s ]
INFO: [ app_begin ] --START--
INFO: Run Behavior\ReadHtmlCacheBehavior [ RunTime:0.001359s ]
INFO: [ app_begin ] --END-- [ RunTime:0.001669s ]
INFO: [ app_end ] --START--
INFO: Run Behavior\ShowPageTraceBehavior [ RunTime:0.001672s ]
INFO: [ app_end ] --END-- [ RunTime:0.001901s ]

[ 2016-04-14T16:56:36+08:00 ] 127.0.0.1 /index.php/Admin/index/login.html
INFO: [ app_init ] --START--
INFO: Run Behavior\BuildLiteBehavior [ RunTime:0.000034s ]
INFO: [ app_init ] --END-- [ RunTime:0.000578s ]
INFO: [ app_begin ] --START--
INFO: Run Behavior\ReadHtmlCacheBehavior [ RunTime:0.001769s ]
INFO: [ app_begin ] --END-- [ RunTime:0.002058s ]
SQL: SHOW COLUMNS FROM `imooc_admin` [ RunTime:0.0135s ]
SQL: SELECT * FROM `imooc_admin` WHERE ( username='Ewan2' and password='6661' ) LIMIT 1   [ RunTime:0.0003s ]
NOTIC: [8] A session had already been started - ignoring session_start() E:\W10Soft\wamp\www\shopImooc\Application\Admin\Controller\IndexController.class.php 第 44 行.
NOTIC: [8] Undefined index: autoFlag E:\W10Soft\wamp\www\shopImooc\Application\Admin\Controller\IndexController.class.php 第 45 行.
INFO: [ view_parse ] --START--
INFO: [ template_filter ] --START--
INFO: Run Behavior\ContentReplaceBehavior [ RunTime:0.000154s ]
INFO: [ template_filter ] --END-- [ RunTime:0.000369s ]
INFO: Run Behavior\ParseTemplateBehavior [ RunTime:0.016032s ]
INFO: [ view_parse ] --END-- [ RunTime:0.016158s ]
INFO: [ view_filter ] --START--
INFO: Run Behavior\WriteHtmlCacheBehavior [ RunTime:0.000322s ]
INFO: [ view_filter ] --END-- [ RunTime:0.000432s ]
INFO: [ app_end ] --START--
INFO: Run Behavior\ShowPageTraceBehavior [ RunTime:0.000493s ]
INFO: [ app_end ] --END-- [ RunTime:0.000604s ]

[ 2016-04-14T16:56:37+08:00 ] 127.0.0.1 /index.php/Admin/index/index
INFO: [ app_init ] --START--
INFO: Run Behavior\BuildLiteBehavior [ RunTime:0.000025s ]
INFO: [ app_init ] --END-- [ RunTime:0.000394s ]
INFO: [ app_begin ] --START--
INFO: Run Behavior\ReadHtmlCacheBehavior [ RunTime:0.000428s ]
INFO: [ app_begin ] --END-- [ RunTime:0.000548s ]
NOTIC: [8] Use of undefined constant admin - assumed 'admin' E:\W10Soft\wamp\www\shopImooc\Application\Admin\Controller\IndexController.class.php 第 30 行.
INFO: [ view_parse ] --START--
INFO: [ template_filter ] --START--
INFO: Run Behavior\ContentReplaceBehavior [ RunTime:0.000116s ]
INFO: [ template_filter ] --END-- [ RunTime:0.000240s ]
INFO: Run Behavior\ParseTemplateBehavior [ RunTime:0.048449s ]
INFO: [ view_parse ] --END-- [ RunTime:0.048610s ]
INFO: [ view_filter ] --START--
INFO: Run Behavior\WriteHtmlCacheBehavior [ RunTime:0.000396s ]
INFO: [ view_filter ] --END-- [ RunTime:0.000499s ]
INFO: [ app_end ] --START--
INFO: Run Behavior\ShowPageTraceBehavior [ RunTime:0.000500s ]
INFO: [ app_end ] --END-- [ RunTime:0.000603s ]

[ 2016-04-14T16:56:41+08:00 ] 127.0.0.1 /index.php/Admin/Admin/addUser.html
INFO: [ app_init ] --START--
INFO: Run Behavior\BuildLiteBehavior [ RunTime:0.000036s ]
INFO: [ app_init ] --END-- [ RunTime:0.000572s ]
INFO: [ app_begin ] --START--
INFO: Run Behavior\ReadHtmlCacheBehavior [ RunTime:0.000416s ]
INFO: [ app_begin ] --END-- [ RunTime:0.000544s ]
INFO: [ view_parse ] --START--
INFO: [ template_filter ] --START--
INFO: Run Behavior\ContentReplaceBehavior [ RunTime:0.000225s ]
INFO: [ template_filter ] --END-- [ RunTime:0.000500s ]
NOTIC: [8] Undefined variable: adminName E:\W10Soft\wamp\www\shopImooc\Application\Runtime\Cache\Admin\ecb4b2ed4cedf19df064fa5eab7bb318.php 第 26 行.
INFO: Run Behavior\ParseTemplateBehavior [ RunTime:0.045008s ]
INFO: [ view_parse ] --END-- [ RunTime:0.045152s ]
INFO: [ view_filter ] --START--
INFO: Run Behavior\WriteHtmlCacheBehavior [ RunTime:0.000323s ]
INFO: [ view_filter ] --END-- [ RunTime:0.000423s ]
INFO: [ app_end ] --START--
INFO: Run Behavior\ShowPageTraceBehavior [ RunTime:0.000532s ]
INFO: [ app_end ] --END-- [ RunTime:0.000647s ]

[ 2016-04-14T16:57:01+08:00 ] 127.0.0.1 /index.php/Admin/Admin/addUser.html
INFO: [ app_init ] --START--
INFO: Run Behavior\BuildLiteBehavior [ RunTime:0.000039s ]
INFO: [ app_init ] --END-- [ RunTime:0.000624s ]
INFO: [ app_begin ] --START--
INFO: Run Behavior\ReadHtmlCacheBehavior [ RunTime:0.000437s ]
INFO: [ app_begin ] --END-- [ RunTime:0.000557s ]
NOTIC: [2] call_user_func() expects parameter 1 to be a valid callback, no array or string given E:\W10Soft\wamp\www\shopImooc\ThinkPHP\Library\Think\Upload.class.php 第 170 行.

[ 2016-04-14T16:57:24+08:00 ] 127.0.0.1 /index.php/Admin/Admin/addUser.html
INFO: [ app_init ] --START--
INFO: Run Behavior\BuildLiteBehavior [ RunTime:0.000077s ]
INFO: [ app_init ] --END-- [ RunTime:0.000876s ]
INFO: [ app_begin ] --START--
INFO: Run Behavior\ReadHtmlCacheBehavior [ RunTime:0.001157s ]
INFO: [ app_begin ] --END-- [ RunTime:0.001347s ]
INFO: [ view_parse ] --START--
INFO: [ template_filter ] --START--
INFO: Run Behavior\ContentReplaceBehavior [ RunTime:0.000111s ]
INFO: [ template_filter ] --END-- [ RunTime:0.000229s ]
NOTIC: [8] Undefined variable: adminName E:\W10Soft\wamp\www\shopImooc\Application\Runtime\Cache\Admin\ecb4b2ed4cedf19df064fa5eab7bb318.php 第 26 行.
INFO: Run Behavior\ParseTemplateBehavior [ RunTime:0.013873s ]
INFO: [ view_parse ] --END-- [ RunTime:0.014042s ]
INFO: [ view_filter ] --START--
INFO: Run Behavior\WriteHtmlCacheBehavior [ RunTime:0.000748s ]
INFO: [ view_filter ] --END-- [ RunTime:0.000853s ]
INFO: [ app_end ] --START--
INFO: Run Behavior\ShowPageTraceBehavior [ RunTime:0.000823s ]
INFO: [ app_end ] --END-- [ RunTime:0.000927s ]

[ 2016-04-14T16:57:28+08:00 ] 127.0.0.1 /index.php/Admin/Admin/addUser.html
INFO: [ app_init ] --START--
INFO: Run Behavior\BuildLiteBehavior [ RunTime:0.000027s ]
INFO: [ app_init ] --END-- [ RunTime:0.000529s ]
INFO: [ app_begin ] --START--
INFO: Run Behavior\ReadHtmlCacheBehavior [ RunTime:0.001200s ]
INFO: [ app_begin ] --END-- [ RunTime:0.001428s ]
NOTIC: [2] call_user_func() expects parameter 1 to be a valid callback, no array or string given E:\W10Soft\wamp\www\shopImooc\ThinkPHP\Library\Think\Upload.class.php 第 170 行.
SQL: SHOW COLUMNS FROM `imooc_user` [ RunTime:0.0123s ]
SQL: INSERT INTO `imooc_user` (`username`,`password`,`email`,`sex`,`face`,`regTime`) VALUES ('Ewan4','d1ac549dbfdec4a0d49baec903648bb4','sdf@qq.com','1','570f5b78acfe3.jpg','1460624248') [ RunTime:0.0522s ]
INFO: [ app_end ] --START--
INFO: Run Behavior\ShowPageTraceBehavior [ RunTime:0.002321s ]
INFO: [ app_end ] --END-- [ RunTime:0.002505s ]

[ 2016-04-14T16:57:28+08:00 ] 127.0.0.1 /index.php/Admin/Admin/listUser.html
INFO: [ app_init ] --START--
INFO: Run Behavior\BuildLiteBehavior [ RunTime:0.000026s ]
INFO: [ app_init ] --END-- [ RunTime:0.000499s ]
INFO: [ app_begin ] --START--
INFO: Run Behavior\ReadHtmlCacheBehavior [ RunTime:0.000790s ]
INFO: [ app_begin ] --END-- [ RunTime:0.000904s ]
ERR: 非法操作:listUser

[ 2016-04-14T16:58:02+08:00 ] 127.0.0.1 /index.php/Admin/Admin/addUser.html
INFO: [ app_init ] --START--
INFO: Run Behavior\BuildLiteBehavior [ RunTime:0.000024s ]
INFO: [ app_init ] --END-- [ RunTime:0.000375s ]
INFO: [ app_begin ] --START--
INFO: Run Behavior\ReadHtmlCacheBehavior [ RunTime:0.000515s ]
INFO: [ app_begin ] --END-- [ RunTime:0.000623s ]
INFO: [ view_parse ] --START--
INFO: [ template_filter ] --START--
INFO: Run Behavior\ContentReplaceBehavior [ RunTime:0.000115s ]
INFO: [ template_filter ] --END-- [ RunTime:0.000262s ]
NOTIC: [8] Undefined variable: adminName E:\W10Soft\wamp\www\shopImooc\Application\Runtime\Cache\Admin\ecb4b2ed4cedf19df064fa5eab7bb318.php 第 26 行.
INFO: Run Behavior\ParseTemplateBehavior [ RunTime:0.035161s ]
INFO: [ view_parse ] --END-- [ RunTime:0.035348s ]
INFO: [ view_filter ] --START--
INFO: Run Behavior\WriteHtmlCacheBehavior [ RunTime:0.000435s ]
INFO: [ view_filter ] --END-- [ RunTime:0.000536s ]
INFO: [ app_end ] --START--
INFO: Run Behavior\ShowPageTraceBehavior [ RunTime:0.000700s ]
INFO: [ app_end ] --END-- [ RunTime:0.000845s ]

[ 2016-04-14T16:58:06+08:00 ] 127.0.0.1 /index.php/Admin/Admin/listUser.html
INFO: [ app_init ] --START--
INFO: Run Behavior\BuildLiteBehavior [ RunTime:0.000028s ]
INFO: [ app_init ] --END-- [ RunTime:0.000553s ]
INFO: [ app_begin ] --START--
INFO: Run Behavior\ReadHtmlCacheBehavior [ RunTime:0.000931s ]
INFO: [ app_begin ] --END-- [ RunTime:0.001139s ]
ERR: 非法操作:listUser

[ 2016-04-14T17:03:34+08:00 ] 127.0.0.1 /index.php/Admin/Admin/listUser.html
INFO: [ app_init ] --START--
INFO: Run Behavior\BuildLiteBehavior [ RunTime:0.000050s ]
INFO: [ app_init ] --END-- [ RunTime:0.001051s ]
INFO: [ app_begin ] --START--
INFO: Run Behavior\ReadHtmlCacheBehavior [ RunTime:0.001244s ]
INFO: [ app_begin ] --END-- [ RunTime:0.001482s ]
SQL: SHOW COLUMNS FROM `imooc_user` [ RunTime:0.0110s ]
ERR: Think\Model:listAdmin方法不存在！

[ 2016-04-14T17:03:49+08:00 ] 127.0.0.1 /index.php/Admin/index/index
INFO: [ app_init ] --START--
INFO: Run Behavior\BuildLiteBehavior [ RunTime:0.000044s ]
INFO: [ app_init ] --END-- [ RunTime:0.001074s ]
INFO: [ app_begin ] --START--
INFO: Run Behavior\ReadHtmlCacheBehavior [ RunTime:0.001268s ]
INFO: [ app_begin ] --END-- [ RunTime:0.001729s ]
NOTIC: [8] Use of undefined constant admin - assumed 'admin' E:\W10Soft\wamp\www\shopImooc\Application\Admin\Controller\IndexController.class.php 第 30 行.
INFO: [ view_parse ] --START--
INFO: [ template_filter ] --START--
INFO: Run Behavior\ContentReplaceBehavior [ RunTime:0.000217s ]
INFO: [ template_filter ] --END-- [ RunTime:0.000482s ]
INFO: Run Behavior\ParseTemplateBehavior [ RunTime:0.018682s ]
INFO: [ view_parse ] --END-- [ RunTime:0.018845s ]
INFO: [ view_filter ] --START--
INFO: Run Behavior\WriteHtmlCacheBehavior [ RunTime:0.000497s ]
INFO: [ view_filter ] --END-- [ RunTime:0.000649s ]
INFO: [ app_end ] --START--
INFO: Run Behavior\ShowPageTraceBehavior [ RunTime:0.000587s ]
INFO: [ app_end ] --END-- [ RunTime:0.000767s ]

[ 2016-04-14T17:03:50+08:00 ] 127.0.0.1 /index.php/Admin/Admin/listUser.html
INFO: [ app_init ] --START--
INFO: Run Behavior\BuildLiteBehavior [ RunTime:0.000032s ]
INFO: [ app_init ] --END-- [ RunTime:0.000426s ]
INFO: [ app_begin ] --START--
INFO: Run Behavior\ReadHtmlCacheBehavior [ RunTime:0.000603s ]
INFO: [ app_begin ] --END-- [ RunTime:0.000761s ]
SQL: SHOW COLUMNS FROM `imooc_user` [ RunTime:0.0197s ]
ERR: Think\Model:listAdmin方法不存在！

[ 2016-04-14T17:04:15+08:00 ] 127.0.0.1 /index.php/Admin/Admin/listUser.html
INFO: [ app_init ] --START--
INFO: Run Behavior\BuildLiteBehavior [ RunTime:0.000062s ]
INFO: [ app_init ] --END-- [ RunTime:0.001152s ]
INFO: [ app_begin ] --START--
INFO: Run Behavior\ReadHtmlCacheBehavior [ RunTime:0.001040s ]
INFO: [ app_begin ] --END-- [ RunTime:0.001268s ]
SQL: SHOW COLUMNS FROM `imooc_user` [ RunTime:0.0087s ]
SQL: SELECT * FROM `imooc_user` ORDER BY id DESC LIMIT 0,5   [ RunTime:0.0004s ]
SQL: SELECT COUNT(*) AS tp_count FROM `imooc_user` LIMIT 1   [ RunTime:0.0003s ]
INFO: [ view_parse ] --START--
INFO: [ template_filter ] --START--
INFO: Run Behavior\ContentReplaceBehavior [ RunTime:0.000105s ]
INFO: [ template_filter ] --END-- [ RunTime:0.000240s ]
NOTIC: [8] Undefined variable: adminName E:\W10Soft\wamp\www\shopImooc\Application\Runtime\Cache\Admin\b84445dc7b294ef04740004fa752e802.php 第 26 行.
NOTIC: [8] Undefined index: activeFlag E:\W10Soft\wamp\www\shopImooc\Application\Runtime\Cache\Admin\b84445dc7b294ef04740004fa752e802.php 第 55 行.
NOTIC: [8] Undefined index: activeFlag E:\W10Soft\wamp\www\shopImooc\Application\Runtime\Cache\Admin\b84445dc7b294ef04740004fa752e802.php 第 55 行.
NOTIC: [8] Undefined index: activeFlag E:\W10Soft\wamp\www\shopImooc\Application\Runtime\Cache\Admin\b84445dc7b294ef04740004fa752e802.php 第 55 行.
NOTIC: [8] Undefined index: activeFlag E:\W10Soft\wamp\www\shopImooc\Application\Runtime\Cache\Admin\b84445dc7b294ef04740004fa752e802.php 第 55 行.
NOTIC: [8] Undefined index: activeFlag E:\W10Soft\wamp\www\shopImooc\Application\Runtime\Cache\Admin\b84445dc7b294ef04740004fa752e802.php 第 55 行.
INFO: Run Behavior\ParseTemplateBehavior [ RunTime:0.066902s ]
INFO: [ view_parse ] --END-- [ RunTime:0.067096s ]
INFO: [ view_filter ] --START--
INFO: Run Behavior\WriteHtmlCacheBehavior [ RunTime:0.000608s ]
INFO: [ view_filter ] --END-- [ RunTime:0.000741s ]
INFO: [ app_end ] --START--
INFO: Run Behavior\ShowPageTraceBehavior [ RunTime:0.003857s ]
INFO: [ app_end ] --END-- [ RunTime:0.004073s ]

[ 2016-04-14T17:05:39+08:00 ] 127.0.0.1 /index.php/Admin/Admin/listUser.html
INFO: [ app_init ] --START--
INFO: Run Behavior\BuildLiteBehavior [ RunTime:0.000043s ]
INFO: [ app_init ] --END-- [ RunTime:0.000660s ]
INFO: [ app_begin ] --START--
INFO: Run Behavior\ReadHtmlCacheBehavior [ RunTime:0.000596s ]
INFO: [ app_begin ] --END-- [ RunTime:0.000721s ]
SQL: SHOW COLUMNS FROM `imooc_user` [ RunTime:0.0091s ]
SQL: SELECT * FROM `imooc_user` ORDER BY id DESC LIMIT 0,5   [ RunTime:0.0003s ]
SQL: SELECT COUNT(*) AS tp_count FROM `imooc_user` LIMIT 1   [ RunTime:0.0004s ]
INFO: [ view_parse ] --START--
INFO: [ template_filter ] --START--
INFO: Run Behavior\ContentReplaceBehavior [ RunTime:0.000170s ]
INFO: [ template_filter ] --END-- [ RunTime:0.000383s ]
NOTIC: [8] Undefined variable: adminName E:\W10Soft\wamp\www\shopImooc\Application\Runtime\Cache\Admin\b84445dc7b294ef04740004fa752e802.php 第 26 行.
NOTIC: [8] Undefined index: activeFlag E:\W10Soft\wamp\www\shopImooc\Application\Runtime\Cache\Admin\b84445dc7b294ef04740004fa752e802.php 第 55 行.
NOTIC: [8] Undefined index: activeFlag E:\W10Soft\wamp\www\shopImooc\Application\Runtime\Cache\Admin\b84445dc7b294ef04740004fa752e802.php 第 55 行.
NOTIC: [8] Undefined index: activeFlag E:\W10Soft\wamp\www\shopImooc\Application\Runtime\Cache\Admin\b84445dc7b294ef04740004fa752e802.php 第 55 行.
NOTIC: [8] Undefined index: activeFlag E:\W10Soft\wamp\www\shopImooc\Application\Runtime\Cache\Admin\b84445dc7b294ef04740004fa752e802.php 第 55 行.
NOTIC: [8] Undefined index: activeFlag E:\W10Soft\wamp\www\shopImooc\Application\Runtime\Cache\Admin\b84445dc7b294ef04740004fa752e802.php 第 55 行.
INFO: Run Behavior\ParseTemplateBehavior [ RunTime:0.021024s ]
INFO: [ view_parse ] --END-- [ RunTime:0.021292s ]
INFO: [ view_filter ] --START--
INFO: Run Behavior\WriteHtmlCacheBehavior [ RunTime:0.000893s ]
INFO: [ view_filter ] --END-- [ RunTime:0.001119s ]
INFO: [ app_end ] --START--
INFO: Run Behavior\ShowPageTraceBehavior [ RunTime:0.002764s ]
INFO: [ app_end ] --END-- [ RunTime:0.003083s ]

[ 2016-04-14T17:06:06+08:00 ] 127.0.0.1 /index.php/Admin/Admin/listUser.html
INFO: [ app_init ] --START--
INFO: Run Behavior\BuildLiteBehavior [ RunTime:0.000042s ]
INFO: [ app_init ] --END-- [ RunTime:0.000998s ]
INFO: [ app_begin ] --START--
INFO: Run Behavior\ReadHtmlCacheBehavior [ RunTime:0.000662s ]
INFO: [ app_begin ] --END-- [ RunTime:0.000838s ]
SQL: SHOW COLUMNS FROM `imooc_user` [ RunTime:0.0143s ]
SQL: SELECT * FROM `imooc_user` ORDER BY id DESC LIMIT 0,5   [ RunTime:0.0003s ]
SQL: SELECT COUNT(*) AS tp_count FROM `imooc_user` LIMIT 1   [ RunTime:0.0001s ]
INFO: [ view_parse ] --START--
INFO: [ template_filter ] --START--
INFO: Run Behavior\ContentReplaceBehavior [ RunTime:0.000111s ]
INFO: [ template_filter ] --END-- [ RunTime:0.000234s ]
NOTIC: [8] Undefined variable: adminName E:\W10Soft\wamp\www\shopImooc\Application\Runtime\Cache\Admin\b84445dc7b294ef04740004fa752e802.php 第 26 行.
INFO: Run Behavior\ParseTemplateBehavior [ RunTime:0.051357s ]
INFO: [ view_parse ] --END-- [ RunTime:0.051508s ]
INFO: [ view_filter ] --START--
INFO: Run Behavior\WriteHtmlCacheBehavior [ RunTime:0.000653s ]
INFO: [ view_filter ] --END-- [ RunTime:0.000826s ]
INFO: [ app_end ] --START--
INFO: Run Behavior\ShowPageTraceBehavior [ RunTime:0.000593s ]
INFO: [ app_end ] --END-- [ RunTime:0.000700s ]

[ 2016-04-14T17:06:08+08:00 ] 127.0.0.1 /index.php/Admin/Admin/listUser.html
INFO: [ app_init ] --START--
INFO: Run Behavior\BuildLiteBehavior [ RunTime:0.000024s ]
INFO: [ app_init ] --END-- [ RunTime:0.000377s ]
INFO: [ app_begin ] --START--
INFO: Run Behavior\ReadHtmlCacheBehavior [ RunTime:0.000578s ]
INFO: [ app_begin ] --END-- [ RunTime:0.000705s ]
SQL: SHOW COLUMNS FROM `imooc_user` [ RunTime:0.0211s ]
SQL: SELECT * FROM `imooc_user` ORDER BY id DESC LIMIT 0,5   [ RunTime:0.0003s ]
SQL: SELECT COUNT(*) AS tp_count FROM `imooc_user` LIMIT 1   [ RunTime:0.0002s ]
INFO: [ view_parse ] --START--
INFO: [ template_filter ] --START--
INFO: Run Behavior\ContentReplaceBehavior [ RunTime:0.000106s ]
INFO: [ template_filter ] --END-- [ RunTime:0.000218s ]
NOTIC: [8] Undefined variable: adminName E:\W10Soft\wamp\www\shopImooc\Application\Runtime\Cache\Admin\b84445dc7b294ef04740004fa752e802.php 第 26 行.
INFO: Run Behavior\ParseTemplateBehavior [ RunTime:0.015973s ]
INFO: [ view_parse ] --END-- [ RunTime:0.016106s ]
INFO: [ view_filter ] --START--
INFO: Run Behavior\WriteHtmlCacheBehavior [ RunTime:0.000431s ]
INFO: [ view_filter ] --END-- [ RunTime:0.000530s ]
INFO: [ app_end ] --START--
INFO: Run Behavior\ShowPageTraceBehavior [ RunTime:0.000570s ]
INFO: [ app_end ] --END-- [ RunTime:0.000674s ]

[ 2016-04-14T17:30:39+08:00 ] 127.0.0.1 /index.php/Admin/Admin/listUser.html
INFO: [ app_init ] --START--
INFO: Run Behavior\BuildLiteBehavior [ RunTime:0.000029s ]
INFO: [ app_init ] --END-- [ RunTime:0.000940s ]
INFO: [ app_begin ] --START--
INFO: Run Behavior\ReadHtmlCacheBehavior [ RunTime:0.000659s ]
INFO: [ app_begin ] --END-- [ RunTime:0.000784s ]
SQL: SHOW COLUMNS FROM `imooc_user` [ RunTime:0.0252s ]
SQL: SELECT * FROM `imooc_user` ORDER BY id DESC LIMIT 0,5   [ RunTime:0.0003s ]
SQL: SELECT COUNT(*) AS tp_count FROM `imooc_user` LIMIT 1   [ RunTime:0.0002s ]
INFO: [ view_parse ] --START--
INFO: [ template_filter ] --START--
INFO: Run Behavior\ContentReplaceBehavior [ RunTime:0.000136s ]
INFO: [ template_filter ] --END-- [ RunTime:0.000270s ]
NOTIC: [8] Undefined variable: adminName E:\W10Soft\wamp\www\shopImooc\Application\Runtime\Cache\Admin\b84445dc7b294ef04740004fa752e802.php 第 26 行.
INFO: Run Behavior\ParseTemplateBehavior [ RunTime:0.023422s ]
INFO: [ view_parse ] --END-- [ RunTime:0.023784s ]
INFO: [ view_filter ] --START--
INFO: Run Behavior\WriteHtmlCacheBehavior [ RunTime:0.000770s ]
INFO: [ view_filter ] --END-- [ RunTime:0.001054s ]
INFO: [ app_end ] --START--
INFO: Run Behavior\ShowPageTraceBehavior [ RunTime:0.001010s ]
INFO: [ app_end ] --END-- [ RunTime:0.001209s ]

[ 2016-04-14T17:30:41+08:00 ] 127.0.0.1 /index.php/Admin/Admin/editUser/id/16.html
INFO: [ app_init ] --START--
INFO: Run Behavior\BuildLiteBehavior [ RunTime:0.000025s ]
INFO: [ app_init ] --END-- [ RunTime:0.000386s ]
INFO: [ app_begin ] --START--
INFO: Run Behavior\ReadHtmlCacheBehavior [ RunTime:0.000553s ]
INFO: [ app_begin ] --END-- [ RunTime:0.000677s ]
ERR: Think\Controller:displsy方法不存在！

[ 2016-04-14T17:32:27+08:00 ] 127.0.0.1 /index.php/Admin/Admin/editUser/id/15.html
INFO: [ app_init ] --START--
INFO: Run Behavior\BuildLiteBehavior [ RunTime:0.000052s ]
INFO: [ app_init ] --END-- [ RunTime:0.000442s ]
INFO: [ app_begin ] --START--
INFO: Run Behavior\ReadHtmlCacheBehavior [ RunTime:0.000525s ]
INFO: [ app_begin ] --END-- [ RunTime:0.000638s ]
SQL: SHOW COLUMNS FROM `imooc_user` [ RunTime:0.0140s ]
SQL: SELECT * FROM `imooc_user` WHERE ( id='15' ) LIMIT 1   [ RunTime:0.0004s ]
INFO: [ view_parse ] --START--
INFO: [ template_filter ] --START--
INFO: Run Behavior\ContentReplaceBehavior [ RunTime:0.000112s ]
INFO: [ template_filter ] --END-- [ RunTime:0.000295s ]
NOTIC: [8] Undefined variable: adminName E:\W10Soft\wamp\www\shopImooc\Application\Runtime\Cache\Admin\1db0763d56a60a764f94321238a9a4b4.php 第 26 行.
NOTIC: [8] Undefined variable: row E:\W10Soft\wamp\www\shopImooc\Application\Runtime\Cache\Admin\1db0763d56a60a764f94321238a9a4b4.php 第 43 行.
NOTIC: [8] Undefined variable: row E:\W10Soft\wamp\www\shopImooc\Application\Runtime\Cache\Admin\1db0763d56a60a764f94321238a9a4b4.php 第 51 行.
NOTIC: [8] Undefined variable: row E:\W10Soft\wamp\www\shopImooc\Application\Runtime\Cache\Admin\1db0763d56a60a764f94321238a9a4b4.php 第 56 行.
NOTIC: [8] Undefined variable: row E:\W10Soft\wamp\www\shopImooc\Application\Runtime\Cache\Admin\1db0763d56a60a764f94321238a9a4b4.php 第 57 行.
NOTIC: [8] Undefined variable: row E:\W10Soft\wamp\www\shopImooc\Application\Runtime\Cache\Admin\1db0763d56a60a764f94321238a9a4b4.php 第 58 行.
INFO: Run Behavior\ParseTemplateBehavior [ RunTime:0.046814s ]
INFO: [ view_parse ] --END-- [ RunTime:0.046999s ]
INFO: [ view_filter ] --START--
INFO: Run Behavior\WriteHtmlCacheBehavior [ RunTime:0.000768s ]
INFO: [ view_filter ] --END-- [ RunTime:0.000919s ]
INFO: [ app_end ] --START--
INFO: Run Behavior\ShowPageTraceBehavior [ RunTime:0.000665s ]
INFO: [ app_end ] --END-- [ RunTime:0.000775s ]

[ 2016-04-14T17:37:30+08:00 ] 127.0.0.1 /index.php/Admin/Admin/editUser/id/15.html
INFO: [ app_init ] --START--
INFO: Run Behavior\BuildLiteBehavior [ RunTime:0.000041s ]
INFO: [ app_init ] --END-- [ RunTime:0.000618s ]
INFO: [ app_begin ] --START--
INFO: Run Behavior\ReadHtmlCacheBehavior [ RunTime:0.000787s ]
INFO: [ app_begin ] --END-- [ RunTime:0.000949s ]
SQL: SHOW COLUMNS FROM `imooc_user` [ RunTime:0.0200s ]
SQL: SELECT * FROM `imooc_user` WHERE ( id='15' ) LIMIT 1   [ RunTime:0.0003s ]
INFO: [ view_parse ] --START--
INFO: [ template_filter ] --START--
INFO: Run Behavior\ContentReplaceBehavior [ RunTime:0.000135s ]
INFO: [ template_filter ] --END-- [ RunTime:0.000288s ]
NOTIC: [8] Undefined variable: adminName E:\W10Soft\wamp\www\shopImooc\Application\Runtime\Cache\Admin\1db0763d56a60a764f94321238a9a4b4.php 第 26 行.
INFO: Run Behavior\ParseTemplateBehavior [ RunTime:0.058696s ]
INFO: [ view_parse ] --END-- [ RunTime:0.058872s ]
INFO: [ view_filter ] --START--
INFO: Run Behavior\WriteHtmlCacheBehavior [ RunTime:0.001947s ]
INFO: [ view_filter ] --END-- [ RunTime:0.002160s ]
INFO: [ app_end ] --START--
INFO: Run Behavior\ShowPageTraceBehavior [ RunTime:0.001291s ]
INFO: [ app_end ] --END-- [ RunTime:0.001584s ]

[ 2016-04-14T17:37:44+08:00 ] 127.0.0.1 /index.php/Admin/Admin/editUser/id/15.html
INFO: [ app_init ] --START--
INFO: Run Behavior\BuildLiteBehavior [ RunTime:0.000027s ]
INFO: [ app_init ] --END-- [ RunTime:0.000428s ]
INFO: [ app_begin ] --START--
INFO: Run Behavior\ReadHtmlCacheBehavior [ RunTime:0.000724s ]
INFO: [ app_begin ] --END-- [ RunTime:0.000879s ]
SQL: SHOW COLUMNS FROM `imooc_user` [ RunTime:0.0128s ]
SQL: SELECT * FROM `imooc_user` WHERE ( id='15' ) LIMIT 1   [ RunTime:0.0003s ]
INFO: [ view_parse ] --START--
INFO: [ template_filter ] --START--
INFO: Run Behavior\ContentReplaceBehavior [ RunTime:0.000104s ]
INFO: [ template_filter ] --END-- [ RunTime:0.000212s ]
NOTIC: [8] Undefined variable: adminName E:\W10Soft\wamp\www\shopImooc\Application\Runtime\Cache\Admin\1db0763d56a60a764f94321238a9a4b4.php 第 26 行.
INFO: Run Behavior\ParseTemplateBehavior [ RunTime:0.033249s ]
INFO: [ view_parse ] --END-- [ RunTime:0.033371s ]
INFO: [ view_filter ] --START--
INFO: Run Behavior\WriteHtmlCacheBehavior [ RunTime:0.000485s ]
INFO: [ view_filter ] --END-- [ RunTime:0.000589s ]
INFO: [ app_end ] --START--
INFO: Run Behavior\ShowPageTraceBehavior [ RunTime:0.000646s ]
INFO: [ app_end ] --END-- [ RunTime:0.000769s ]

[ 2016-04-14T17:38:55+08:00 ] 127.0.0.1 /index.php/Admin/Admin/editUser/id/15.html
INFO: [ app_init ] --START--
INFO: Run Behavior\BuildLiteBehavior [ RunTime:0.000026s ]
INFO: [ app_init ] --END-- [ RunTime:0.000416s ]
INFO: [ app_begin ] --START--
INFO: Run Behavior\ReadHtmlCacheBehavior [ RunTime:0.000598s ]
INFO: [ app_begin ] --END-- [ RunTime:0.000755s ]
INFO: [ app_end ] --START--
INFO: Run Behavior\ShowPageTraceBehavior [ RunTime:0.000727s ]
INFO: [ app_end ] --END-- [ RunTime:0.000936s ]

[ 2016-04-14T17:39:06+08:00 ] 127.0.0.1 /index.php/Admin/Admin/editUser/id/15.html
INFO: [ app_init ] --START--
INFO: Run Behavior\BuildLiteBehavior [ RunTime:0.000025s ]
INFO: [ app_init ] --END-- [ RunTime:0.000428s ]
INFO: [ app_begin ] --START--
INFO: Run Behavior\ReadHtmlCacheBehavior [ RunTime:0.001464s ]
INFO: [ app_begin ] --END-- [ RunTime:0.001745s ]
SQL: SHOW COLUMNS FROM `imooc_user` [ RunTime:0.0144s ]
SQL: SELECT * FROM `imooc_user` WHERE ( id='15' ) LIMIT 1   [ RunTime:0.0003s ]
INFO: [ view_parse ] --START--
INFO: [ template_filter ] --START--
INFO: Run Behavior\ContentReplaceBehavior [ RunTime:0.000229s ]
INFO: [ template_filter ] --END-- [ RunTime:0.000462s ]
NOTIC: [8] Undefined variable: adminName E:\W10Soft\wamp\www\shopImooc\Application\Runtime\Cache\Admin\1db0763d56a60a764f94321238a9a4b4.php 第 26 行.
INFO: Run Behavior\ParseTemplateBehavior [ RunTime:0.017629s ]
INFO: [ view_parse ] --END-- [ RunTime:0.017817s ]
INFO: [ view_filter ] --START--
INFO: Run Behavior\WriteHtmlCacheBehavior [ RunTime:0.000660s ]
INFO: [ view_filter ] --END-- [ RunTime:0.000838s ]
INFO: [ app_end ] --START--
INFO: Run Behavior\ShowPageTraceBehavior [ RunTime:0.001103s ]
INFO: [ app_end ] --END-- [ RunTime:0.001285s ]

[ 2016-04-14T17:39:29+08:00 ] 127.0.0.1 /index.php/Admin/Admin/editUser/id/15.html
INFO: [ app_init ] --START--
INFO: Run Behavior\BuildLiteBehavior [ RunTime:0.000032s ]
INFO: [ app_init ] --END-- [ RunTime:0.001027s ]
INFO: [ app_begin ] --START--
INFO: Run Behavior\ReadHtmlCacheBehavior [ RunTime:0.000562s ]
INFO: [ app_begin ] --END-- [ RunTime:0.000690s ]
INFO: [ app_end ] --START--
INFO: Run Behavior\ShowPageTraceBehavior [ RunTime:0.000787s ]
INFO: [ app_end ] --END-- [ RunTime:0.000974s ]

[ 2016-04-14T17:40:19+08:00 ] 127.0.0.1 /index.php/Admin/Admin/editUser/id/15.html
INFO: [ app_init ] --START--
INFO: Run Behavior\BuildLiteBehavior [ RunTime:0.000039s ]
INFO: [ app_init ] --END-- [ RunTime:0.000563s ]
INFO: [ app_begin ] --START--
INFO: Run Behavior\ReadHtmlCacheBehavior [ RunTime:0.000518s ]
INFO: [ app_begin ] --END-- [ RunTime:0.000642s ]
SQL: SHOW COLUMNS FROM `imooc_user` [ RunTime:0.0171s ]
SQL: SELECT * FROM `imooc_user` WHERE ( id='15' ) LIMIT 1   [ RunTime:0.0004s ]
INFO: [ view_parse ] --START--
INFO: [ template_filter ] --START--
INFO: Run Behavior\ContentReplaceBehavior [ RunTime:0.000370s ]
INFO: [ template_filter ] --END-- [ RunTime:0.000603s ]
NOTIC: [8] Undefined variable: adminName E:\W10Soft\wamp\www\shopImooc\Application\Runtime\Cache\Admin\1db0763d56a60a764f94321238a9a4b4.php 第 26 行.
INFO: Run Behavior\ParseTemplateBehavior [ RunTime:0.013046s ]
INFO: [ view_parse ] --END-- [ RunTime:0.013171s ]
INFO: [ view_filter ] --START--
INFO: Run Behavior\WriteHtmlCacheBehavior [ RunTime:0.000441s ]
INFO: [ view_filter ] --END-- [ RunTime:0.000546s ]
INFO: [ app_end ] --START--
INFO: Run Behavior\ShowPageTraceBehavior [ RunTime:0.000625s ]
INFO: [ app_end ] --END-- [ RunTime:0.000749s ]

[ 2016-04-14T17:40:26+08:00 ] 127.0.0.1 /index.php/Admin/Admin/editUser/id/15.html
INFO: [ app_init ] --START--
INFO: Run Behavior\BuildLiteBehavior [ RunTime:0.000029s ]
INFO: [ app_init ] --END-- [ RunTime:0.000455s ]
INFO: [ app_begin ] --START--
INFO: Run Behavior\ReadHtmlCacheBehavior [ RunTime:0.000546s ]
INFO: [ app_begin ] --END-- [ RunTime:0.000701s ]
SQL: SHOW COLUMNS FROM `imooc_user` [ RunTime:0.0169s ]
SQL: UPDATE `imooc_user` SET `username`='Ewan3',`password`='d1ac549dbfdec4a0d49baec903648bb4',`email`='qw@qq.com',`sex`='1',`id`='15' WHERE ( id='15' ) [ RunTime:0.0710s ]
INFO: [ app_end ] --START--
INFO: Run Behavior\ShowPageTraceBehavior [ RunTime:0.001239s ]
INFO: [ app_end ] --END-- [ RunTime:0.001432s ]

[ 2016-04-14T17:40:26+08:00 ] 127.0.0.1 /index.php/Admin/Admin/listUser.html
INFO: [ app_init ] --START--
INFO: Run Behavior\BuildLiteBehavior [ RunTime:0.000031s ]
INFO: [ app_init ] --END-- [ RunTime:0.000455s ]
INFO: [ app_begin ] --START--
INFO: Run Behavior\ReadHtmlCacheBehavior [ RunTime:0.000649s ]
INFO: [ app_begin ] --END-- [ RunTime:0.000793s ]
SQL: SHOW COLUMNS FROM `imooc_user` [ RunTime:0.0065s ]
SQL: SELECT * FROM `imooc_user` ORDER BY id DESC LIMIT 0,5   [ RunTime:0.0003s ]
SQL: SELECT COUNT(*) AS tp_count FROM `imooc_user` LIMIT 1   [ RunTime:0.0002s ]
INFO: [ view_parse ] --START--
INFO: [ template_filter ] --START--
INFO: Run Behavior\ContentReplaceBehavior [ RunTime:0.000110s ]
INFO: [ template_filter ] --END-- [ RunTime:0.000223s ]
NOTIC: [8] Undefined variable: adminName E:\W10Soft\wamp\www\shopImooc\Application\Runtime\Cache\Admin\b84445dc7b294ef04740004fa752e802.php 第 26 行.
INFO: Run Behavior\ParseTemplateBehavior [ RunTime:0.014024s ]
INFO: [ view_parse ] --END-- [ RunTime:0.014204s ]
INFO: [ view_filter ] --START--
INFO: Run Behavior\WriteHtmlCacheBehavior [ RunTime:0.000831s ]
INFO: [ view_filter ] --END-- [ RunTime:0.001091s ]
INFO: [ app_end ] --START--
INFO: Run Behavior\ShowPageTraceBehavior [ RunTime:0.001368s ]
INFO: [ app_end ] --END-- [ RunTime:0.001584s ]

[ 2016-04-14T17:42:34+08:00 ] 127.0.0.1 /index.php/Admin/Admin/deleteUser/id/14.html
INFO: [ app_init ] --START--
INFO: Run Behavior\BuildLiteBehavior [ RunTime:0.000029s ]
INFO: [ app_init ] --END-- [ RunTime:0.000459s ]
INFO: [ app_begin ] --START--
INFO: Run Behavior\ReadHtmlCacheBehavior [ RunTime:0.000766s ]
INFO: [ app_begin ] --END-- [ RunTime:0.000896s ]
SQL: SHOW COLUMNS FROM `imooc_user` [ RunTime:0.0155s ]
SQL: SELECT `face` FROM `imooc_user` WHERE ( id='14' ) LIMIT 1   [ RunTime:0.0003s ]
INFO: [ app_end ] --START--
INFO: Run Behavior\ShowPageTraceBehavior [ RunTime:0.000733s ]
INFO: [ app_end ] --END-- [ RunTime:0.000892s ]

[ 2016-04-14T17:42:37+08:00 ] 127.0.0.1 /index.php/Admin/Admin/deleteUser/id/15.html
INFO: [ app_init ] --START--
INFO: Run Behavior\BuildLiteBehavior [ RunTime:0.000036s ]
INFO: [ app_init ] --END-- [ RunTime:0.000412s ]
INFO: [ app_begin ] --START--
INFO: Run Behavior\ReadHtmlCacheBehavior [ RunTime:0.000636s ]
INFO: [ app_begin ] --END-- [ RunTime:0.000764s ]
SQL: SHOW COLUMNS FROM `imooc_user` [ RunTime:0.0155s ]
SQL: SELECT `face` FROM `imooc_user` WHERE ( id='15' ) LIMIT 1   [ RunTime:0.0003s ]
INFO: [ app_end ] --START--
INFO: Run Behavior\ShowPageTraceBehavior [ RunTime:0.000956s ]
INFO: [ app_end ] --END-- [ RunTime:0.001104s ]

[ 2016-04-14T17:43:25+08:00 ] 127.0.0.1 /index.php/Admin/Admin/listUser.html
INFO: [ app_init ] --START--
INFO: Run Behavior\BuildLiteBehavior [ RunTime:0.000049s ]
INFO: [ app_init ] --END-- [ RunTime:0.000669s ]
INFO: [ app_begin ] --START--
INFO: Run Behavior\ReadHtmlCacheBehavior [ RunTime:0.000947s ]
INFO: [ app_begin ] --END-- [ RunTime:0.001154s ]
SQL: SHOW COLUMNS FROM `imooc_user` [ RunTime:0.0264s ]
SQL: SELECT * FROM `imooc_user` ORDER BY id DESC LIMIT 0,5   [ RunTime:0.0005s ]
SQL: SELECT COUNT(*) AS tp_count FROM `imooc_user` LIMIT 1   [ RunTime:0.0005s ]
INFO: [ view_parse ] --START--
INFO: [ template_filter ] --START--
INFO: Run Behavior\ContentReplaceBehavior [ RunTime:0.000109s ]
INFO: [ template_filter ] --END-- [ RunTime:0.000229s ]
NOTIC: [8] Undefined variable: adminName E:\W10Soft\wamp\www\shopImooc\Application\Runtime\Cache\Admin\b84445dc7b294ef04740004fa752e802.php 第 26 行.
INFO: Run Behavior\ParseTemplateBehavior [ RunTime:0.044077s ]
INFO: [ view_parse ] --END-- [ RunTime:0.044229s ]
INFO: [ view_filter ] --START--
INFO: Run Behavior\WriteHtmlCacheBehavior [ RunTime:0.000469s ]
INFO: [ view_filter ] --END-- [ RunTime:0.000578s ]
INFO: [ app_end ] --START--
INFO: Run Behavior\ShowPageTraceBehavior [ RunTime:0.000713s ]
INFO: [ app_end ] --END-- [ RunTime:0.000820s ]

[ 2016-04-14T17:43:28+08:00 ] 127.0.0.1 /index.php/Admin/Admin/listPro.html
INFO: [ app_init ] --START--
INFO: Run Behavior\BuildLiteBehavior [ RunTime:0.000027s ]
INFO: [ app_init ] --END-- [ RunTime:0.000429s ]
INFO: [ app_begin ] --START--
INFO: Run Behavior\ReadHtmlCacheBehavior [ RunTime:0.001306s ]
INFO: [ app_begin ] --END-- [ RunTime:0.001481s ]
SQL: SHOW COLUMNS FROM `imooc_pro` [ RunTime:0.0138s ]
SQL: SELECT p.id,p.pName,p.pSn,p.pNum,p.mPrice,p.iPrice,p.pDesc,p.pubTime,p.isShow,p.isHot,c.cName FROM imooc_pro as p INNER JOIN imooc_cate as c on c.id=p.cId  ORDER BY p.id DESC LIMIT 0,5   [ RunTime:0.0005s ]
SQL: SHOW COLUMNS FROM `imooc_pro` [ RunTime:0.0062s ]
SQL: SELECT COUNT(*) AS tp_count FROM `imooc_pro` LIMIT 1   [ RunTime:0.0002s ]
SQL: SHOW COLUMNS FROM `imooc_album` [ RunTime:0.0128s ]
SQL: SELECT * FROM `imooc_album`  [ RunTime:0.0005s ]
INFO: [ view_parse ] --START--
INFO: [ template_filter ] --START--
INFO: Run Behavior\ContentReplaceBehavior [ RunTime:0.000147s ]
INFO: [ template_filter ] --END-- [ RunTime:0.000264s ]
NOTIC: [8] Undefined variable: adminName E:\W10Soft\wamp\www\shopImooc\Application\Runtime\Cache\Admin\e083e1344adebec178c8c54b604036f2.php 第 26 行.
INFO: Run Behavior\ParseTemplateBehavior [ RunTime:0.125858s ]
INFO: [ view_parse ] --END-- [ RunTime:0.126081s ]
INFO: [ view_filter ] --START--
INFO: Run Behavior\WriteHtmlCacheBehavior [ RunTime:0.000506s ]
INFO: [ view_filter ] --END-- [ RunTime:0.000645s ]
INFO: [ app_end ] --START--
INFO: Run Behavior\ShowPageTraceBehavior [ RunTime:0.001277s ]
INFO: [ app_end ] --END-- [ RunTime:0.001532s ]

[ 2016-04-14T17:43:32+08:00 ] 127.0.0.1 /index.php/Admin/Admin/listPro.html
INFO: [ app_init ] --START--
INFO: Run Behavior\BuildLiteBehavior [ RunTime:0.000024s ]
INFO: [ app_init ] --END-- [ RunTime:0.000380s ]
INFO: [ app_begin ] --START--
INFO: Run Behavior\ReadHtmlCacheBehavior [ RunTime:0.000542s ]
INFO: [ app_begin ] --END-- [ RunTime:0.000658s ]
SQL: SHOW COLUMNS FROM `imooc_pro` [ RunTime:0.0141s ]
SQL: SELECT p.id,p.pName,p.pSn,p.pNum,p.mPrice,p.iPrice,p.pDesc,p.pubTime,p.isShow,p.isHot,c.cName FROM imooc_pro as p INNER JOIN imooc_cate as c on c.id=p.cId  ORDER BY p.id DESC LIMIT 0,5   [ RunTime:0.0006s ]
SQL: SHOW COLUMNS FROM `imooc_pro` [ RunTime:0.0064s ]
SQL: SELECT COUNT(*) AS tp_count FROM `imooc_pro` LIMIT 1   [ RunTime:0.0004s ]
SQL: SHOW COLUMNS FROM `imooc_album` [ RunTime:0.0068s ]
SQL: SELECT * FROM `imooc_album`  [ RunTime:0.0002s ]
INFO: [ view_parse ] --START--
INFO: [ template_filter ] --START--
INFO: Run Behavior\ContentReplaceBehavior [ RunTime:0.000153s ]
INFO: [ template_filter ] --END-- [ RunTime:0.000271s ]
NOTIC: [8] Undefined variable: adminName E:\W10Soft\wamp\www\shopImooc\Application\Runtime\Cache\Admin\e083e1344adebec178c8c54b604036f2.php 第 26 行.
INFO: Run Behavior\ParseTemplateBehavior [ RunTime:0.060096s ]
INFO: [ view_parse ] --END-- [ RunTime:0.060211s ]
INFO: [ view_filter ] --START--
INFO: Run Behavior\WriteHtmlCacheBehavior [ RunTime:0.001196s ]
INFO: [ view_filter ] --END-- [ RunTime:0.001386s ]
INFO: [ app_end ] --START--
INFO: Run Behavior\ShowPageTraceBehavior [ RunTime:0.001656s ]
INFO: [ app_end ] --END-- [ RunTime:0.001905s ]

[ 2016-04-14T17:43:36+08:00 ] 127.0.0.1 /index.php/Admin/Admin/listPro.html
INFO: [ app_init ] --START--
INFO: Run Behavior\BuildLiteBehavior [ RunTime:0.000024s ]
INFO: [ app_init ] --END-- [ RunTime:0.000399s ]
INFO: [ app_begin ] --START--
INFO: Run Behavior\ReadHtmlCacheBehavior [ RunTime:0.000961s ]
INFO: [ app_begin ] --END-- [ RunTime:0.001144s ]
SQL: SHOW COLUMNS FROM `imooc_pro` [ RunTime:0.0148s ]
SQL: SELECT p.id,p.pName,p.pSn,p.pNum,p.mPrice,p.iPrice,p.pDesc,p.pubTime,p.isShow,p.isHot,c.cName FROM imooc_pro as p INNER JOIN imooc_cate as c on c.id=p.cId  ORDER BY p.id DESC LIMIT 0,5   [ RunTime:0.0004s ]
SQL: SHOW COLUMNS FROM `imooc_pro` [ RunTime:0.0046s ]
SQL: SELECT COUNT(*) AS tp_count FROM `imooc_pro` LIMIT 1   [ RunTime:0.0003s ]
SQL: SHOW COLUMNS FROM `imooc_album` [ RunTime:0.0164s ]
SQL: SELECT * FROM `imooc_album`  [ RunTime:0.0002s ]
INFO: [ view_parse ] --START--
INFO: [ template_filter ] --START--
INFO: Run Behavior\ContentReplaceBehavior [ RunTime:0.000145s ]
INFO: [ template_filter ] --END-- [ RunTime:0.000263s ]
NOTIC: [8] Undefined variable: adminName E:\W10Soft\wamp\www\shopImooc\Application\Runtime\Cache\Admin\e083e1344adebec178c8c54b604036f2.php 第 26 行.
INFO: Run Behavior\ParseTemplateBehavior [ RunTime:0.082894s ]
INFO: [ view_parse ] --END-- [ RunTime:0.083015s ]
INFO: [ view_filter ] --START--
INFO: Run Behavior\WriteHtmlCacheBehavior [ RunTime:0.000394s ]
INFO: [ view_filter ] --END-- [ RunTime:0.000503s ]
INFO: [ app_end ] --START--
INFO: Run Behavior\ShowPageTraceBehavior [ RunTime:0.001963s ]
INFO: [ app_end ] --END-- [ RunTime:0.002177s ]

[ 2016-04-14T17:43:46+08:00 ] 127.0.0.1 /index.php/Admin/Admin/addPro.html
INFO: [ app_init ] --START--
INFO: Run Behavior\BuildLiteBehavior [ RunTime:0.000028s ]
INFO: [ app_init ] --END-- [ RunTime:0.000760s ]
INFO: [ app_begin ] --START--
INFO: Run Behavior\ReadHtmlCacheBehavior [ RunTime:0.001650s ]
INFO: [ app_begin ] --END-- [ RunTime:0.001982s ]
SQL: SHOW COLUMNS FROM `imooc_cate` [ RunTime:0.0128s ]
SQL: SELECT * FROM `imooc_cate`  [ RunTime:0.0003s ]
INFO: [ view_parse ] --START--
INFO: [ template_filter ] --START--
INFO: Run Behavior\ContentReplaceBehavior [ RunTime:0.000201s ]
INFO: [ template_filter ] --END-- [ RunTime:0.000335s ]
NOTIC: [8] Undefined variable: adminName E:\W10Soft\wamp\www\shopImooc\Application\Runtime\Cache\Admin\70e4abcc35dce15136b9a7d107d5df5b.php 第 26 行.
INFO: Run Behavior\ParseTemplateBehavior [ RunTime:0.091353s ]
INFO: [ view_parse ] --END-- [ RunTime:0.091498s ]
INFO: [ view_filter ] --START--
INFO: Run Behavior\WriteHtmlCacheBehavior [ RunTime:0.000534s ]
INFO: [ view_filter ] --END-- [ RunTime:0.000648s ]
INFO: [ app_end ] --START--
INFO: Run Behavior\ShowPageTraceBehavior [ RunTime:0.000567s ]
INFO: [ app_end ] --END-- [ RunTime:0.000894s ]

[ 2016-04-14T17:43:48+08:00 ] 127.0.0.1 /index.php/Admin/Admin/listPro.html
INFO: [ app_init ] --START--
INFO: Run Behavior\BuildLiteBehavior [ RunTime:0.000079s ]
INFO: [ app_init ] --END-- [ RunTime:0.000714s ]
INFO: [ app_begin ] --START--
INFO: Run Behavior\ReadHtmlCacheBehavior [ RunTime:0.000543s ]
INFO: [ app_begin ] --END-- [ RunTime:0.000653s ]
SQL: SHOW COLUMNS FROM `imooc_pro` [ RunTime:0.0098s ]
SQL: SELECT p.id,p.pName,p.pSn,p.pNum,p.mPrice,p.iPrice,p.pDesc,p.pubTime,p.isShow,p.isHot,c.cName FROM imooc_pro as p INNER JOIN imooc_cate as c on c.id=p.cId  ORDER BY p.id DESC LIMIT 0,5   [ RunTime:0.0004s ]
SQL: SHOW COLUMNS FROM `imooc_pro` [ RunTime:0.0043s ]
SQL: SELECT COUNT(*) AS tp_count FROM `imooc_pro` LIMIT 1   [ RunTime:0.0003s ]
SQL: SHOW COLUMNS FROM `imooc_album` [ RunTime:0.0088s ]
SQL: SELECT * FROM `imooc_album`  [ RunTime:0.0003s ]
INFO: [ view_parse ] --START--
INFO: [ template_filter ] --START--
INFO: Run Behavior\ContentReplaceBehavior [ RunTime:0.000189s ]
INFO: [ template_filter ] --END-- [ RunTime:0.000358s ]
NOTIC: [8] Undefined variable: adminName E:\W10Soft\wamp\www\shopImooc\Application\Runtime\Cache\Admin\e083e1344adebec178c8c54b604036f2.php 第 26 行.
INFO: Run Behavior\ParseTemplateBehavior [ RunTime:0.080823s ]
INFO: [ view_parse ] --END-- [ RunTime:0.080973s ]
INFO: [ view_filter ] --START--
INFO: Run Behavior\WriteHtmlCacheBehavior [ RunTime:0.000465s ]
INFO: [ view_filter ] --END-- [ RunTime:0.000571s ]
INFO: [ app_end ] --START--
INFO: Run Behavior\ShowPageTraceBehavior [ RunTime:0.001260s ]
INFO: [ app_end ] --END-- [ RunTime:0.001436s ]

[ 2016-04-14T17:45:06+08:00 ] 127.0.0.1 /index.php/Admin/Admin/listUser.html
INFO: [ app_init ] --START--
INFO: Run Behavior\BuildLiteBehavior [ RunTime:0.000028s ]
INFO: [ app_init ] --END-- [ RunTime:0.000934s ]
INFO: [ app_begin ] --START--
INFO: Run Behavior\ReadHtmlCacheBehavior [ RunTime:0.000578s ]
INFO: [ app_begin ] --END-- [ RunTime:0.000699s ]
SQL: SHOW COLUMNS FROM `imooc_user` [ RunTime:0.0249s ]
SQL: SELECT * FROM `imooc_user` ORDER BY id DESC LIMIT 0,5   [ RunTime:0.0003s ]
SQL: SELECT COUNT(*) AS tp_count FROM `imooc_user` LIMIT 1   [ RunTime:0.0001s ]
INFO: [ view_parse ] --START--
INFO: [ template_filter ] --START--
INFO: Run Behavior\ContentReplaceBehavior [ RunTime:0.000127s ]
INFO: [ template_filter ] --END-- [ RunTime:0.000291s ]
NOTIC: [8] Undefined variable: adminName E:\W10Soft\wamp\www\shopImooc\Application\Runtime\Cache\Admin\b84445dc7b294ef04740004fa752e802.php 第 26 行.
INFO: Run Behavior\ParseTemplateBehavior [ RunTime:0.018395s ]
INFO: [ view_parse ] --END-- [ RunTime:0.018517s ]
INFO: [ view_filter ] --START--
INFO: Run Behavior\WriteHtmlCacheBehavior [ RunTime:0.000483s ]
INFO: [ view_filter ] --END-- [ RunTime:0.000585s ]
INFO: [ app_end ] --START--
INFO: Run Behavior\ShowPageTraceBehavior [ RunTime:0.000562s ]
INFO: [ app_end ] --END-- [ RunTime:0.000703s ]

[ 2016-04-14T17:45:13+08:00 ] 127.0.0.1 /index.php/Admin/Admin/deleteUser/id/14.html
INFO: [ app_init ] --START--
INFO: Run Behavior\BuildLiteBehavior [ RunTime:0.000041s ]
INFO: [ app_init ] --END-- [ RunTime:0.000564s ]
INFO: [ app_begin ] --START--
INFO: Run Behavior\ReadHtmlCacheBehavior [ RunTime:0.001020s ]
INFO: [ app_begin ] --END-- [ RunTime:0.001348s ]
SQL: SHOW COLUMNS FROM `imooc_user` [ RunTime:0.0099s ]
SQL: SELECT `face` FROM `imooc_user` WHERE ( id='14' ) LIMIT 1   [ RunTime:0.0002s ]
NOTIC: [2] unlink(Public/Uploads/): Permission denied E:\W10Soft\wamp\www\shopImooc\Application\Admin\Controller\AdminController.class.php 第 357 行.
SQL: DELETE FROM `imooc_user` WHERE ( id='14' ) [ RunTime:0.0476s ]
INFO: [ app_end ] --START--
INFO: Run Behavior\ShowPageTraceBehavior [ RunTime:0.000712s ]
INFO: [ app_end ] --END-- [ RunTime:0.000837s ]

[ 2016-04-14T17:45:13+08:00 ] 127.0.0.1 /index.php/Admin/Admin/listUser.html
INFO: [ app_init ] --START--
INFO: Run Behavior\BuildLiteBehavior [ RunTime:0.000044s ]
INFO: [ app_init ] --END-- [ RunTime:0.000646s ]
INFO: [ app_begin ] --START--
INFO: Run Behavior\ReadHtmlCacheBehavior [ RunTime:0.000835s ]
INFO: [ app_begin ] --END-- [ RunTime:0.001002s ]
SQL: SHOW COLUMNS FROM `imooc_user` [ RunTime:0.0046s ]
SQL: SELECT * FROM `imooc_user` ORDER BY id DESC LIMIT 0,5   [ RunTime:0.0007s ]
SQL: SELECT COUNT(*) AS tp_count FROM `imooc_user` LIMIT 1   [ RunTime:0.0004s ]
INFO: [ view_parse ] --START--
INFO: [ template_filter ] --START--
INFO: Run Behavior\ContentReplaceBehavior [ RunTime:0.000194s ]
INFO: [ template_filter ] --END-- [ RunTime:0.000444s ]
NOTIC: [8] Undefined variable: adminName E:\W10Soft\wamp\www\shopImooc\Application\Runtime\Cache\Admin\b84445dc7b294ef04740004fa752e802.php 第 26 行.
INFO: Run Behavior\ParseTemplateBehavior [ RunTime:0.029435s ]
INFO: [ view_parse ] --END-- [ RunTime:0.029609s ]
INFO: [ view_filter ] --START--
INFO: Run Behavior\WriteHtmlCacheBehavior [ RunTime:0.000468s ]
INFO: [ view_filter ] --END-- [ RunTime:0.000581s ]
INFO: [ app_end ] --START--
INFO: Run Behavior\ShowPageTraceBehavior [ RunTime:0.000673s ]
INFO: [ app_end ] --END-- [ RunTime:0.000819s ]

